<?xml version="1.0" encoding="UTF-8"?>
<testng-results total="1" passed="1" failed="0" skipped="0">
  <reporter-output>
  </reporter-output>
  <suite started-at="2024-02-11T16:03:18Z" name="Default suite" finished-at="2024-02-11T16:03:32Z" duration-ms="13993">
    <groups>
    </groups>
    <test started-at="2024-02-11T16:03:18Z" name="Default test" finished-at="2024-02-11T16:03:32Z" duration-ms="13993">
      <class name="test.LoginTest">
        <test-method signature="validUserShouldBeAbleToLogin()[pri:0, instance:test.LoginTest@22c01ab0]" started-at="2024-02-11T10:03:18Z" name="validUserShouldBeAbleToLogin" finished-at="2024-02-11T10:03:32Z" duration-ms="13961" status="PASS">
          <reporter-output>
          </reporter-output>
        </test-method> <!-- validUserShouldBeAbleToLogin -->
      </class> <!-- test.LoginTest -->
    </test> <!-- Default test -->
  </suite> <!-- Default suite -->
</testng-results>
